<?xml version="1.0" encoding="UTF-8"?>
<testng-results total="1" passed="1" failed="0" skipped="0">
  <reporter-output>
    <line>
      <![CDATA[India]]>
    </line>
    <line>
      <![CDATA[December 17, 2021 (United States)]]>
    </line>
    <line>
      <![CDATA[India]]>
    </line>
    <line>
      <![CDATA[17 December 2021]]>
    </line>
    <line>
      <![CDATA[The country Name in both Wikipedia and Imdb is same]]>
    </line>
    <line>
      <![CDATA[The Release date present in both Wiki and imdb is not same]]>
    </line>
  </reporter-output>
  <suite started-at="2023-02-22T15:58:20Z" name="Suite" finished-at="2023-02-22T15:59:57Z" duration-ms="96739">
    <groups>
    </groups>
    <test started-at="2023-02-22T15:58:20Z" name="Test" finished-at="2023-02-22T15:59:57Z" duration-ms="96739">
      <class name="com.Fork.Assessment.Validate_Assessment">
        <test-method is-config="true" signature="suiteSetup()[pri:0, instance:com.Fork.Assessment.Validate_Assessment@7a220c9a]" started-at="2023-02-22T21:28:20Z" name="suiteSetup" finished-at="2023-02-22T21:28:55Z" duration-ms="35507" status="PASS">
          <reporter-output>
          </reporter-output>
        </test-method> <!-- suiteSetup -->
        <test-method is-config="true" signature="loginTest()[pri:0, instance:com.Fork.Assessment.Validate_Assessment@7a220c9a]" started-at="2023-02-22T21:28:55Z" name="loginTest" finished-at="2023-02-22T21:29:12Z" duration-ms="16626" status="PASS">
          <reporter-output>
          </reporter-output>
        </test-method> <!-- loginTest -->
        <test-method signature="assessmentTest()[pri:0, instance:com.Fork.Assessment.Validate_Assessment@7a220c9a]" started-at="2023-02-22T21:29:12Z" name="assessmentTest" finished-at="2023-02-22T21:29:53Z" duration-ms="41031" status="PASS">
          <reporter-output>
            <line>
              <![CDATA[India]]>
            </line>
            <line>
              <![CDATA[December 17, 2021 (United States)]]>
            </line>
            <line>
              <![CDATA[India]]>
            </line>
            <line>
              <![CDATA[17 December 2021]]>
            </line>
            <line>
              <![CDATA[The country Name in both Wikipedia and Imdb is same]]>
            </line>
            <line>
              <![CDATA[The Release date present in both Wiki and imdb is not same]]>
            </line>
          </reporter-output>
        </test-method> <!-- assessmentTest -->
        <test-method is-config="true" signature="LogoutTest()[pri:0, instance:com.Fork.Assessment.Validate_Assessment@7a220c9a]" started-at="2023-02-22T21:29:53Z" name="LogoutTest" finished-at="2023-02-22T21:29:53Z" duration-ms="1" status="PASS">
          <reporter-output>
          </reporter-output>
        </test-method> <!-- LogoutTest -->
        <test-method is-config="true" signature="closeBrowser()[pri:0, instance:com.Fork.Assessment.Validate_Assessment@7a220c9a]" started-at="2023-02-22T21:29:53Z" name="closeBrowser" finished-at="2023-02-22T21:29:57Z" duration-ms="3451" status="PASS">
          <reporter-output>
          </reporter-output>
        </test-method> <!-- closeBrowser -->
      </class> <!-- com.Fork.Assessment.Validate_Assessment -->
    </test> <!-- Test -->
  </suite> <!-- Suite -->
</testng-results>
